<?xml version="1.0" encoding="UTF-8"?>
<testsuite name="ApplicationTests" tests="1" skipped="0" failures="0" errors="0" timestamp="2026-04-24T13:28:51.692Z" hostname="MOHAIBRA" time="28.619">
  <properties/>
  <testcase name="start" classname="ApplicationTests" time="28.619"/>
  <system-out><![CDATA[?[1;31m
Start test 1?[0m
?[0;34m
?[0m?[0;34m  .   ____          _            __ _ _
?[0m?[0;34m /\\ / ___'_ __ _ _(_)_ __  __ _ \ \ \ \
?[0m?[0;34m( ( )\___ | '_ | '_| | '_ \/ _` | \ \ \ \
?[0m?[0;34m \\/  ___)| |_)| | | | | || (_| |  ) ) ) )
?[0m?[0;34m  '  |____| .__|_| |_|_| |_\__, | / / / /
?[0m?[0;34m =========|_|==============|___/=/_/_/_/
?[0m?[0;34m
?[0m?[0;34m :: Spring Boot ::                (v3.5.9)
?[0m?[0;34m
?[0m?[0;34m2026-04-24T15:28:53.166+02:00  INFO 1940 --- [    Test worker] taskmanagement.Application               : Starting Application using Java 23.0.2 with PID 1940 (started by 32492 in C:\Users\32492\IdeaProjects\Task Management System\Task Management System\task)
?[0m?[0;34m2026-04-24T15:28:53.176+02:00  INFO 1940 --- [    Test worker] taskmanagement.Application               : No active profile set, falling back to 1 default profile: "default"
?[0m?[0;34m2026-04-24T15:28:55.666+02:00  INFO 1940 --- [    Test worker] .s.d.r.c.RepositoryConfigurationDelegate : Bootstrapping Spring Data JPA repositories in DEFAULT mode.
?[0m?[0;34m2026-04-24T15:28:55.791+02:00  INFO 1940 --- [    Test worker] .s.d.r.c.RepositoryConfigurationDelegate : Finished Spring Data repository scanning in 98 ms. Found 4 JPA repository interfaces.
?[0m?[0;34m2026-04-24T15:28:57.004+02:00  INFO 1940 --- [    Test worker] o.s.b.w.embedded.tomcat.TomcatWebServer  : Tomcat initialized with port 8890 (http)
?[0m?[0;34m2026-04-24T15:28:57.035+02:00  INFO 1940 --- [    Test worker] o.apache.catalina.core.StandardService   : Starting service [Tomcat]
?[0m?[0;34m2026-04-24T15:28:57.037+02:00  INFO 1940 --- [    Test worker] o.apache.catalina.core.StandardEngine    : Starting Servlet engine: [Apache Tomcat/10.1.50]
?[0m?[0;34m2026-04-24T15:28:57.148+02:00  INFO 1940 --- [    Test worker] o.a.c.c.C.[Tomcat].[localhost].[/]       : Initializing Spring embedded WebApplicationContext
?[0m?[0;34m2026-04-24T15:28:57.152+02:00  INFO 1940 --- [    Test worker] w.s.c.ServletWebServerApplicationContext : Root WebApplicationContext: initialization completed in 3875 ms
?[0m?[0;34m2026-04-24T15:28:57.728+02:00  INFO 1940 --- [    Test worker] o.hibernate.jpa.internal.util.LogHelper  : HHH000204: Processing PersistenceUnitInfo [name: default]
?[0m?[0;34m2026-04-24T15:28:57.986+02:00  INFO 1940 --- [    Test worker] org.hibernate.Version                    : HHH000412: Hibernate ORM core version 6.6.39.Final
?[0m?[0;34m2026-04-24T15:28:58.186+02:00  INFO 1940 --- [    Test worker] o.h.c.internal.RegionFactoryInitiator    : HHH000026: Second-level cache disabled
?[0m?[0;34m2026-04-24T15:28:58.912+02:00  INFO 1940 --- [    Test worker] o.s.o.j.p.SpringPersistenceUnitInfo      : No LoadTimeWeaver setup: ignoring JPA class transformer
?[0m?[0;34m2026-04-24T15:28:59.003+02:00  INFO 1940 --- [    Test worker] com.zaxxer.hikari.HikariDataSource       : HikariPool-1 - Starting...
?[0m?[0;34m2026-04-24T15:28:59.397+02:00  INFO 1940 --- [    Test worker] com.zaxxer.hikari.pool.HikariPool        : HikariPool-1 - Added connection conn0: url=jdbc:h2:file:../tms_db user=SA
?[0m?[0;34m2026-04-24T15:28:59.402+02:00  INFO 1940 --- [    Test worker] com.zaxxer.hikari.HikariDataSource       : HikariPool-1 - Start completed.
?[0m?[0;34m2026-04-24T15:28:59.552+02:00  INFO 1940 --- [    Test worker] org.hibernate.orm.connections.pooling    : HHH10001005: Database info:
?[0m?[0;34m	Database JDBC URL [Connecting through datasource 'HikariDataSource (HikariPool-1)']
?[0m?[0;34m	Database driver: undefined/unknown
?[0m?[0;34m	Database version: 2.3.232
?[0m?[0;34m	Autocommit mode: undefined/unknown
?[0m?[0;34m	Isolation level: undefined/unknown
?[0m?[0;34m	Minimum pool size: undefined/unknown
?[0m?[0;34m	Maximum pool size: undefined/unknown
?[0m?[0;34m2026-04-24T15:29:01.196+02:00  INFO 1940 --- [    Test worker] o.h.e.t.j.p.i.JtaPlatformInitiator       : HHH000489: No JTA platform available (set 'hibernate.transaction.jta.platform' to enable JTA platform integration)
?[0m?[0;34m2026-04-24T15:29:01.266+02:00  INFO 1940 --- [    Test worker] j.LocalContainerEntityManagerFactoryBean : Initialized JPA EntityManagerFactory for persistence unit 'default'
?[0m?[0;34m2026-04-24T15:29:02.097+02:00  WARN 1940 --- [    Test worker] JpaBaseConfiguration$JpaWebConfiguration : spring.jpa.open-in-view is enabled by default. Therefore, database queries may be performed during view rendering. Explicitly configure spring.jpa.open-in-view to disable this warning
?[0m?[0;34m2026-04-24T15:29:02.702+02:00  INFO 1940 --- [    Test worker] o.s.b.a.e.web.EndpointLinksResolver      : Exposing 14 endpoints beneath base path '/actuator'
?[0m?[0;34m2026-04-24T15:29:02.774+02:00  INFO 1940 --- [    Test worker] eAuthenticationProviderManagerConfigurer : Global AuthenticationManager configured with AuthenticationProvider bean with name authenticationProvider
?[0m?[0;34m2026-04-24T15:29:02.775+02:00  WARN 1940 --- [    Test worker] r$InitializeUserDetailsManagerConfigurer : Global AuthenticationManager configured with an AuthenticationProvider bean. UserDetailsService beans will not be used by Spring Security for automatically configuring username/password login. Consider removing the AuthenticationProvider bean. Alternatively, consider using the UserDetailsService in a manually instantiated DaoAuthenticationProvider. If the current configuration is intentional, to turn off this warning, increase the logging level of 'org.springframework.security.config.annotation.authentication.configuration.InitializeUserDetailsBeanManagerConfigurer' to ERROR
?[0m?[0;34m2026-04-24T15:29:03.329+02:00  INFO 1940 --- [    Test worker] o.s.b.a.h2.H2ConsoleAutoConfiguration    : H2 console available at '/h2-console'. Database available at 'jdbc:h2:file:../tms_db'
?[0m?[0;34m2026-04-24T15:29:03.451+02:00  INFO 1940 --- [    Test worker] o.s.b.w.embedded.tomcat.TomcatWebServer  : Tomcat started on port 8890 (http) with context path '/'
?[0m?[0;34m2026-04-24T15:29:03.470+02:00  INFO 1940 --- [    Test worker] taskmanagement.Application               : Started Application in 11.182 seconds (process running for 12.972)
?[0;34m2026-04-24T15:29:04.148+02:00  INFO 1940 --- [nio-8890-exec-1] o.a.c.c.C.[Tomcat].[localhost].[/]       : Initializing Spring DispatcherServlet 'dispatcherServlet'
?[0m?[0;34m2026-04-24T15:29:04.148+02:00  INFO 1940 --- [nio-8890-exec-1] o.s.web.servlet.DispatcherServlet        : Initializing Servlet 'dispatcherServlet'
?[0m?[0;34m2026-04-24T15:29:04.154+02:00  INFO 1940 --- [nio-8890-exec-1] o.s.web.servlet.DispatcherServlet        : Completed initialization in 6 ms
?[0m?[0;34m
?[0m?[0;34mRequest: POST http://localhost:8890/api/accounts
?[0m?[0;34mRequest body: {"email":"alice@email.com","password":"password"}
?[0m?[0;34m
?[0m?[1;31m
Start test 2?[0m
?[0;34m
?[0m?[0;34mRequest: POST http://localhost:8890/api/accounts
?[0m?[0;34mRequest body: {"email":"alice@email.com","password":"password"}
?[0m?[0;34m
?[0m?[1;31m
Start test 3?[0m
?[0;34m
?[0m?[0;34mRequest: POST http://localhost:8890/api/accounts
?[0m?[0;34mRequest body: {"email":"ALICE@email.com","password":"password"}
?[0m?[0;34m
?[0m?[1;31m
Start test 4?[0m
?[0;34m
?[0m?[0;34mRequest: POST http://localhost:8890/api/accounts
?[0m?[0;34mRequest body: {"email":"bob@example.com","password":"123456"}
?[0m?[0;34m
?[0m?[1;31m
Start test 5?[0m
?[0;34m2026-04-24T15:29:04.993+02:00  WARN 1940 --- [io-8890-exec-10] .w.s.m.s.DefaultHandlerExceptionResolver : Resolved [org.springframework.web.bind.MethodArgumentNotValidException: Validation failed for argument [0] in public org.springframework.http.ResponseEntity<?> taskmanagement.controller.AccountController.addUser(taskmanagement.controller.AccountController$RegistrationRequest) with 2 errors: [Field error in object 'registrationRequest' on field 'email': rejected value [ ]; codes [NotBlank.registrationRequest.email,NotBlank.email,NotBlank.java.lang.String,NotBlank]; arguments [org.springframework.context.support.DefaultMessageSourceResolvable: codes [registrationRequest.email,email]; arguments []; default message [email]]; default message [must not be blank]] [Field error in object 'registrationRequest' on field 'email': rejected value [ ]; codes [Pattern.registrationRequest.email,Pattern.email,Pattern.java.lang.String,Pattern]; arguments [org.springframework.context.support.DefaultMessageSourceResolvable: codes [registrationRequest.email,email]; arguments []; default message [email],[Ljakarta.validation.constraints.Pattern$Flag;@41b64685,.+@.+\..+]; default message [must match ".+@.+\..+"]] ]
?[0;34m
?[0m?[0;34mRequest: POST http://localhost:8890/api/accounts
?[0m?[0;34mRequest body: {"email":" ","password":"password"}
?[0m?[0;34m
?[0m?[1;31m
Start test 6?[0m
?[0;34m2026-04-24T15:29:05.051+02:00  WARN 1940 --- [nio-8890-exec-8] .w.s.m.s.DefaultHandlerExceptionResolver : Resolved [org.springframework.web.bind.MethodArgumentNotValidException: Validation failed for argument [0] in public org.springframework.http.ResponseEntity<?> taskmanagement.controller.AccountController.addUser(taskmanagement.controller.AccountController$RegistrationRequest): [Field error in object 'registrationRequest' on field 'email': rejected value [null]; codes [NotBlank.registrationRequest.email,NotBlank.email,NotBlank.java.lang.String,NotBlank]; arguments [org.springframework.context.support.DefaultMessageSourceResolvable: codes [registrationRequest.email,email]; arguments []; default message [email]]; default message [must not be blank]] ]
?[0;34m
?[0m?[0;34mRequest: POST http://localhost:8890/api/accounts
?[0m?[0;34mRequest body: {"password":"password"}
?[0m?[0;34m
?[0m?[1;31m
Start test 7?[0m
?[0;34m2026-04-24T15:29:05.070+02:00  WARN 1940 --- [nio-8890-exec-6] .w.s.m.s.DefaultHandlerExceptionResolver : Resolved [org.springframework.web.bind.MethodArgumentNotValidException: Validation failed for argument [0] in public org.springframework.http.ResponseEntity<?> taskmanagement.controller.AccountController.addUser(taskmanagement.controller.AccountController$RegistrationRequest): [Field error in object 'registrationRequest' on field 'email': rejected value [malformed@email.]; codes [Pattern.registrationRequest.email,Pattern.email,Pattern.java.lang.String,Pattern]; arguments [org.springframework.context.support.DefaultMessageSourceResolvable: codes [registrationRequest.email,email]; arguments []; default message [email],[Ljakarta.validation.constraints.Pattern$Flag;@41b64685,.+@.+\..+]; default message [must match ".+@.+\..+"]] ]
?[0;34m
?[0m?[0;34mRequest: POST http://localhost:8890/api/accounts
?[0m?[0;34mRequest body: {"email":"malformed@email.","password":"password"}
?[0m?[0;34m
?[0m?[1;31m
Start test 8?[0m
?[0;34m2026-04-24T15:29:05.090+02:00  WARN 1940 --- [nio-8890-exec-7] .w.s.m.s.DefaultHandlerExceptionResolver : Resolved [org.springframework.web.bind.MethodArgumentNotValidException: Validation failed for argument [0] in public org.springframework.http.ResponseEntity<?> taskmanagement.controller.AccountController.addUser(taskmanagement.controller.AccountController$RegistrationRequest): [Field error in object 'registrationRequest' on field 'password': rejected value [null]; codes [NotBlank.registrationRequest.password,NotBlank.password,NotBlank.java.lang.String,NotBlank]; arguments [org.springframework.context.support.DefaultMessageSourceResolvable: codes [registrationRequest.password,password]; arguments []; default message [password]]; default message [must not be blank]] ]
?[0;34m
?[0m?[0;34mRequest: POST http://localhost:8890/api/accounts
?[0m?[0;34mRequest body: {"email":"test@test.com"}
?[0m?[0;34m
?[0m?[1;31m
Start test 9?[0m
?[0m?[0;34m2026-04-24T15:29:05.110+02:00  WARN 1940 --- [nio-8890-exec-1] .w.s.m.s.DefaultHandlerExceptionResolver : Resolved [org.springframework.web.bind.MethodArgumentNotValidException: Validation failed for argument [0] in public org.springframework.http.ResponseEntity<?> taskmanagement.controller.AccountController.addUser(taskmanagement.controller.AccountController$RegistrationRequest): [Field error in object 'registrationRequest' on field 'password': rejected value [      ]; codes [NotBlank.registrationRequest.password,NotBlank.password,NotBlank.java.lang.String,NotBlank]; arguments [org.springframework.context.support.DefaultMessageSourceResolvable: codes [registrationRequest.password,password]; arguments []; default message [password]]; default message [must not be blank]] ]
?[0;34m
?[0m?[0;34mRequest: POST http://localhost:8890/api/accounts
?[0m?[0;34mRequest body: {"email":"test@test.com","password":"      "}
?[0m?[0;34m
?[0m?[1;31m
Start test 10?[0m
?[0;34m2026-04-24T15:29:05.127+02:00  WARN 1940 --- [nio-8890-exec-2] .w.s.m.s.DefaultHandlerExceptionResolver : Resolved [org.springframework.web.bind.MethodArgumentNotValidException: Validation failed for argument [0] in public org.springframework.http.ResponseEntity<?> taskmanagement.controller.AccountController.addUser(taskmanagement.controller.AccountController$RegistrationRequest): [Field error in object 'registrationRequest' on field 'password': rejected value [12345]; codes [Size.registrationRequest.password,Size.password,Size.java.lang.String,Size]; arguments [org.springframework.context.support.DefaultMessageSourceResolvable: codes [registrationRequest.password,password]; arguments []; default message [password],2147483647,6]; default message [size must be between 6 and 2147483647]] ]
?[0;34m
?[0m?[0;34mRequest: POST http://localhost:8890/api/accounts
?[0m?[0;34mRequest body: {"email":"test@test.com","password":"12345"}
?[0m?[0;34m
?[0m?[1;31m
Start test 11?[0m
?[0;34m
?[0m?[0;34mRequest: POST http://localhost:8890/api/auth/token
?[0m?[0;34mRequest body: 
?[0m?[0;34m
?[0m?[1;31m
Start test 12?[0m
?[0;34m
?[0m?[0;34mRequest: POST http://localhost:8890/api/auth/token
?[0m?[0;34mRequest body: 
?[0m?[0;34m
?[0m?[1;31m
Start test 13?[0m
?[0;34m
?[0m?[0;34mRequest: POST http://localhost:8890/api/auth/token
?[0m?[0;34mRequest body: 
?[0m?[0;34m
?[0m?[1;31m
Start test 14?[0m
?[0;34m
?[0m?[0;34mRequest: POST http://localhost:8890/api/auth/token
?[0m?[0;34mRequest body: 
?[0m?[0;34m
?[0m?[1;31m
Start test 15?[0m
?[0;34m
?[0m?[0;34mRequest: POST http://localhost:8890/api/tasks
?[0m?[0;34mRequest body: {"title":"title 1","description":"description 1"}
?[0m?[0;34m
?[0m?[1;31m
Start test 16?[0m
?[0;34m
?[0m?[0;34mRequest: POST http://localhost:8890/api/tasks
?[0m?[0;34mRequest body: {"title":"title 2","description":"description 2"}
?[0m?[0;34m
?[0m?[1;31m
Start test 17?[0m
?[0;34m
?[0m?[0;34mRequest: POST http://localhost:8890/api/tasks
?[0m?[0;34mRequest body: {"title":"title 3","description":"description 3"}
?[0m?[0;34m
?[0m?[1;31m
Start test 18?[0m
?[0;34m2026-04-24T15:29:05.963+02:00  WARN 1940 --- [nio-8890-exec-5] .w.s.m.s.DefaultHandlerExceptionResolver : Resolved [org.springframework.web.bind.MethodArgumentNotValidException: Validation failed for argument [0] in public org.springframework.http.ResponseEntity<taskmanagement.dto.TaskDTO> taskmanagement.controller.TaskController.createTask(taskmanagement.model.Task,org.springframework.security.core.Authentication): [Field error in object 'task' on field 'title': rejected value [null]; codes [NotBlank.task.title,NotBlank.title,NotBlank.java.lang.String,NotBlank]; arguments [org.springframework.context.support.DefaultMessageSourceResolvable: codes [task.title,title]; arguments []; default message [title]]; default message [Title cannot be blank]] ]
?[0;34m
?[0m?[0;34mRequest: POST http://localhost:8890/api/tasks
?[0m?[0;34mRequest body: {"id":"3","description":"description 3","status":"CREATED","author":"bob@example.com"}
?[0m?[0;34m
?[0m?[1;31m
Start test 19?[0m
?[0;34m2026-04-24T15:29:05.990+02:00  WARN 1940 --- [nio-8890-exec-4] .w.s.m.s.DefaultHandlerExceptionResolver : Resolved [org.springframework.web.bind.MethodArgumentNotValidException: Validation failed for argument [0] in public org.springframework.http.ResponseEntity<taskmanagement.dto.TaskDTO> taskmanagement.controller.TaskController.createTask(taskmanagement.model.Task,org.springframework.security.core.Authentication): [Field error in object 'task' on field 'title': rejected value [ ]; codes [NotBlank.task.title,NotBlank.title,NotBlank.java.lang.String,NotBlank]; arguments [org.springframework.context.support.DefaultMessageSourceResolvable: codes [task.title,title]; arguments []; default message [title]]; default message [Title cannot be blank]] ]
?[0;34m
?[0m?[0;34mRequest: POST http://localhost:8890/api/tasks
?[0m?[0;34mRequest body: {"id":"1","title":" ","description":"description 1","status":"CREATED","author":"alice@email.com"}
?[0m?[0;34m
?[0m?[1;31m
Start test 20?[0m
?[0m?[0;34m2026-04-24T15:29:06.015+02:00  WARN 1940 --- [nio-8890-exec-2] .w.s.m.s.DefaultHandlerExceptionResolver : Resolved [org.springframework.web.bind.MethodArgumentNotValidException: Validation failed for argument [0] in public org.springframework.http.ResponseEntity<taskmanagement.dto.TaskDTO> taskmanagement.controller.TaskController.createTask(taskmanagement.model.Task,org.springframework.security.core.Authentication): [Field error in object 'task' on field 'description': rejected value [null]; codes [NotBlank.task.description,NotBlank.description,NotBlank.java.lang.String,NotBlank]; arguments [org.springframework.context.support.DefaultMessageSourceResolvable: codes [task.description,description]; arguments []; default message [description]]; default message [Description cannot be blank]] ]
?[0;34m
?[0m?[0;34mRequest: POST http://localhost:8890/api/tasks
?[0m?[0;34mRequest body: {"id":"1","title":"title 1","status":"CREATED","author":"alice@email.com"}
?[0m?[0;34m
?[0m?[1;31m
Start test 21?[0m
?[0m?[0;34m2026-04-24T15:29:06.042+02:00  WARN 1940 --- [nio-8890-exec-6] .w.s.m.s.DefaultHandlerExceptionResolver : Resolved [org.springframework.web.bind.MethodArgumentNotValidException: Validation failed for argument [0] in public org.springframework.http.ResponseEntity<taskmanagement.dto.TaskDTO> taskmanagement.controller.TaskController.createTask(taskmanagement.model.Task,org.springframework.security.core.Authentication): [Field error in object 'task' on field 'description': rejected value [ ]; codes [NotBlank.task.description,NotBlank.description,NotBlank.java.lang.String,NotBlank]; arguments [org.springframework.context.support.DefaultMessageSourceResolvable: codes [task.description,description]; arguments []; default message [description]]; default message [Description cannot be blank]] ]
?[0;34m
?[0m?[0;34mRequest: POST http://localhost:8890/api/tasks
?[0m?[0;34mRequest body: {"id":"1","title":"title 1","description":" ","status":"CREATED","author":"alice@email.com"}
?[0m?[0;34m
?[0m?[1;31m
Start test 22?[0m
?[0;34m
?[0m?[0;34mRequest: POST http://localhost:8890/api/tasks
?[0m?[0;34mRequest body: {"id":"1","title":"title 1","description":"description 1","status":"CREATED","author":"alice@email.com"}
?[0m?[0;34m
?[0m?[1;31m
Start test 23?[0m
?[0;34m
?[0m?[0;34mRequest: PUT http://localhost:8890/api/tasks/1/assign
?[0m?[0;34mRequest body: {"assignee":"bob@example.com"}
?[0m?[0;34m
?[0m?[1;31m
Start test 24?[0m
?[0;34m
?[0m?[0;34mRequest: PUT http://localhost:8890/api/tasks/2/assign
?[0m?[0;34mRequest body: {"assignee":"bob@example.com"}
?[0m?[0;34m
?[0m?[1;31m
Start test 25?[0m
?[0;34m
?[0m?[0;34mRequest: PUT http://localhost:8890/api/tasks/1/assign
?[0m?[0;34mRequest body: {"assignee":"none"}
?[0m?[0;34m
?[0m?[1;31m
Start test 26?[0m
?[0;34m
?[0m?[0;34mRequest: PUT http://localhost:8890/api/tasks/3/assign
?[0m?[0;34mRequest body: {"assignee":"alice@email.com"}
?[0m?[0;34m
?[0m?[1;31m
Start test 27?[0m
?[0;34m
?[0m?[0;34mRequest: PUT http://localhost:8890/api/tasks/1/assign
?[0m?[0;34mRequest body: {"assignee":"bob@example.com"}
?[0m?[0;34m
?[0m?[1;31m
Start test 28?[0m
?[0;34m
?[0m?[0;34mRequest: PUT http://localhost:8890/api/tasks/1/assign
?[0m?[0;34mRequest body: {"assignee":"d5df0437-bb3a-43f6-adab-323469d9850c@test.com"}
?[0m?[0;34m
?[0m?[1;31m
Start test 29?[0m
?[0;34m
?[0m?[0;34mRequest: PUT http://localhost:8890/api/tasks/987654321/assign
?[0m?[0;34mRequest body: {"assignee":"bob@example.com"}
?[0m?[0;34m
?[0m?[1;31m
Start test 30?[0m
?[0;34m
?[0m?[0;34mRequest: PUT http://localhost:8890/api/tasks/1/assign
?[0m?[0;34mRequest body: {"assignee":"bob@example.com"}
?[0m?[0;34m
?[0m?[1;31m
Start test 31?[0m
?[0;34m
?[0m?[0;34mRequest: PUT http://localhost:8890/api/tasks/1/status
?[0m?[0;34mRequest body: {"status":"IN_PROGRESS"}
?[0m?[0;34m
?[0m?[1;31m
Start test 32?[0m
?[0;34m
?[0m?[0;34mRequest: PUT http://localhost:8890/api/tasks/2/status
?[0m?[0;34mRequest body: {"status":"IN_PROGRESS"}
?[0m?[0;34m
?[0m?[1;31m
Start test 33?[0m
?[0;34m
?[0m?[0;34mRequest: PUT http://localhost:8890/api/tasks/2/status
?[0m?[0;34mRequest body: {"status":"COMPLETED"}
?[0m?[0;34m
?[0m?[1;31m
Start test 34?[0m
?[0;34m
?[0m?[0;34mRequest: PUT http://localhost:8890/api/tasks/1/status
?[0m?[0;34mRequest body: {"status":"COMPLETED"}
?[0m?[0;34m
?[0m?[1;31m
Start test 35?[0m
?[0;34m
?[0m?[0;34mRequest: PUT http://localhost:8890/api/tasks/98765432/status
?[0m?[0;34mRequest body: {"status":"COMPLETED"}
?[0m?[0;34m
?[0m?[1;31m
Start test 36?[0m
?[0;34m
?[0m?[0;34mRequest: PUT http://localhost:8890/api/tasks/1/status
?[0m?[0;34mRequest body: {"status":"COMPLETED"}
?[0m?[0;34m
?[0m?[1;31m
Start test 37?[0m
?[0;34m
?[0m?[0;34mRequest: POST http://localhost:8890/api/tasks/1/comments
?[0m?[0;34mRequest body: {"text":"comment 1"}
?[0m?[0;34m
?[0m?[1;31m
Start test 38?[0m
?[0;34m
?[0m?[0;34mRequest: POST http://localhost:8890/api/tasks/1/comments
?[0m?[0;34mRequest body: {"text":"comment 2"}
?[0m?[0;34m
?[0m?[1;31m
Start test 39?[0m
?[0;34m
?[0m?[0;34mRequest: POST http://localhost:8890/api/tasks/1/comments
?[0m?[0;34mRequest body: {"text":"comment 3"}
?[0m?[0;34m
?[0m?[1;31m
Start test 40?[0m
?[0;34m
?[0m?[0;34mRequest: POST http://localhost:8890/api/tasks/3/comments
?[0m?[0;34mRequest body: {"text":"comment 4"}
?[0m?[0;34m
?[0m?[1;31m
Start test 41?[0m
?[0;34m
?[0m?[0;34mRequest: POST http://localhost:8890/api/tasks/3/comments
?[0m?[0;34mRequest body: {"text":"comment 5"}
?[0m?[0;34m
?[0m?[1;31m
Start test 42?[0m
?[0;34m
?[0m?[0;34mRequest: POST http://localhost:8890/api/tasks/3/comments
?[0m?[0;34mRequest body: {"text":"   "}
?[0m?[0;34m
?[0m?[1;31m
Start test 43?[0m
?[0;34m
?[0m?[0;34mRequest: POST http://localhost:8890/api/tasks/3/comments
?[0m?[0;34mRequest body: {"text":"comment 5"}
?[0m?[0;34m
?[0m?[1;31m
Start test 44?[0m
?[0;34m
?[0m?[0;34mRequest: POST http://localhost:8890/api/tasks/999558881/comments
?[0m?[0;34mRequest body: {"text":"comment 5"}
?[0m?[0;34m
?[0m?[1;31m
Start test 45?[0m
?[0;34m
?[0m?[0;34mRequest: GET http://localhost:8890/api/tasks/1/comments
?[0m?[0;34mRequest body: 
?[0m?[0;34m
?[0m?[1;31m
Start test 46?[0m
?[0;34m
?[0m?[0;34mRequest: GET http://localhost:8890/api/tasks/2/comments
?[0m?[0;34mRequest body: 
?[0m?[0;34m
?[0m?[1;31m
Start test 47?[0m
?[0;34m
?[0m?[0;34mRequest: GET http://localhost:8890/api/tasks/3/comments
?[0m?[0;34mRequest body: 
?[0m?[0;34m
?[0m?[1;31m
Start test 48?[0m
?[0;34m
?[0m?[0;34mRequest: GET http://localhost:8890/api/tasks/3/comments
?[0m?[0;34mRequest body: 
?[0m?[0;34m
?[0m?[1;31m
Start test 49?[0m
?[0;34m
?[0m?[0;34mRequest: GET http://localhost:8890/api/tasks/123456789/comments
?[0m?[0;34mRequest body: 
?[0m?[0;34m
?[0m?[1;31m
Start test 50?[0m
?[0;34m
?[0m?[0;34mRequest: GET http://localhost:8890/api/tasks
?[0m?[0;34mRequest body: 
?[0m?[0;34m
?[0m?[1;31m
Start test 51?[0m
?[0;34m
?[0m?[0;34mRequest: GET http://localhost:8890/api/tasks
?[0m?[0;34mRequest body: 
?[0m?[0;34m
?[0m?[1;31m
Start test 52?[0m
?[0;34m
?[0m?[0;34mRequest: GET http://localhost:8890/api/tasks
?[0m?[0;34mRequest body: 
?[0m?[0;34m
?[0m?[1;31m
Start test 53?[0m
?[0;34m
?[0m?[0;34mRequest: GET http://localhost:8890/api/tasks?author=alice@email.com
?[0m?[0;34mRequest body: 
?[0m?[0;34m
?[0m?[1;31m
Start test 54?[0m
?[0;34m
?[0m?[0;34mRequest: GET http://localhost:8890/api/tasks?author=alice@email.com
?[0m?[0;34mRequest body: 
?[0m?[0;34m
?[0m?[1;31m
Start test 55?[0m
?[0;34m
?[0m?[0;34mRequest: GET http://localhost:8890/api/tasks?author=bob@example.com
?[0m?[0;34mRequest body: 
?[0m?[0;34m
?[0m?[1;31m
Start test 56?[0m
?[0;34m
?[0m?[0;34mRequest: GET http://localhost:8890/api/tasks?author=unknown
?[0m?[0;34mRequest body: 
?[0m?[0;34m
?[0m?[1;31m
Start test 57?[0m
?[0;34m
?[0m?[0;34mRequest: GET http://localhost:8890/api/tasks?assignee=unknown
?[0m?[0;34mRequest body: 
?[0m?[0;34m
?[0m?[1;31m
Start test 58?[0m
?[0;34m
?[0m?[0;34mRequest: GET http://localhost:8890/api/tasks?author=alice@email.com&assignee=bob@example.com
?[0m?[0;34mRequest body: 
?[0m?[0;34m
?[0m?[1;31m
Start test 59?[0m
?[0;34m
?[0m?[0;34mRequest: GET http://localhost:8890/api/tasks?author=bob@example.com&assignee=alice@email.com
?[0m?[0;34mRequest body: 
?[0m?[0;34m
?[0m?[1;31m
Start test 60?[0m
?[0;34m2026-04-24T15:29:07.614+02:00  INFO 1940 --- [       Thread-5] o.s.b.w.e.tomcat.GracefulShutdown        : Commencing graceful shutdown. Waiting for active requests to complete
?[0;34m2026-04-24T15:29:07.623+02:00  INFO 1940 --- [tomcat-shutdown] o.s.b.w.e.tomcat.GracefulShutdown        : Graceful shutdown complete
?[0m?[0;34m2026-04-24T15:29:07.633+02:00  INFO 1940 --- [       Thread-5] j.LocalContainerEntityManagerFactoryBean : Closing JPA EntityManagerFactory for persistence unit 'default'
?[0m?[0;34m2026-04-24T15:29:07.638+02:00  INFO 1940 --- [       Thread-5] com.zaxxer.hikari.HikariDataSource       : HikariPool-1 - Shutdown initiated...
?[0m?[0;34m2026-04-24T15:29:07.692+02:00  INFO 1940 --- [       Thread-5] com.zaxxer.hikari.HikariDataSource       : HikariPool-1 - Shutdown completed.
?[0;34m
?[0m?[0;34m  .   ____          _            __ _ _
?[0m?[0;34m /\\ / ___'_ __ _ _(_)_ __  __ _ \ \ \ \
?[0m?[0;34m( ( )\___ | '_ | '_| | '_ \/ _` | \ \ \ \
?[0m?[0;34m \\/  ___)| |_)| | | | | || (_| |  ) ) ) )
?[0m?[0;34m  '  |____| .__|_| |_|_| |_\__, | / / / /
?[0m?[0;34m =========|_|==============|___/=/_/_/_/
?[0m?[0;34m
?[0m?[0;34m :: Spring Boot ::                (v3.5.9)
?[0m?[0;34m
?[0m?[0;34m2026-04-24T15:29:18.067+02:00  INFO 1940 --- [    Test worker] taskmanagement.Application               : Starting Application using Java 23.0.2 with PID 1940 (started by 32492 in C:\Users\32492\IdeaProjects\Task Management System\Task Management System\task)
?[0m?[0;34m2026-04-24T15:29:18.068+02:00  INFO 1940 --- [    Test worker] taskmanagement.Application               : No active profile set, falling back to 1 default profile: "default"
?[0m?[0;34m2026-04-24T15:29:18.890+02:00  INFO 1940 --- [    Test worker] .s.d.r.c.RepositoryConfigurationDelegate : Bootstrapping Spring Data JPA repositories in DEFAULT mode.
?[0m?[0;34m2026-04-24T15:29:18.938+02:00  INFO 1940 --- [    Test worker] .s.d.r.c.RepositoryConfigurationDelegate : Finished Spring Data repository scanning in 43 ms. Found 4 JPA repository interfaces.
?[0m?[0;34m2026-04-24T15:29:19.105+02:00  INFO 1940 --- [    Test worker] o.s.b.w.embedded.tomcat.TomcatWebServer  : Tomcat initialized with port 8890 (http)
?[0m?[0;34m2026-04-24T15:29:19.106+02:00  INFO 1940 --- [    Test worker] o.apache.catalina.core.StandardService   : Starting service [Tomcat]
?[0m?[0;34m2026-04-24T15:29:19.107+02:00  INFO 1940 --- [    Test worker] o.apache.catalina.core.StandardEngine    : Starting Servlet engine: [Apache Tomcat/10.1.50]
?[0m?[0;34m2026-04-24T15:29:19.185+02:00  INFO 1940 --- [    Test worker] o.a.c.c.C.[Tomcat].[localhost].[/]       : Initializing Spring embedded WebApplicationContext
?[0m?[0;34m2026-04-24T15:29:19.185+02:00  INFO 1940 --- [    Test worker] w.s.c.ServletWebServerApplicationContext : Root WebApplicationContext: initialization completed in 1112 ms
?[0m?[0;34m2026-04-24T15:29:19.297+02:00  INFO 1940 --- [    Test worker] o.hibernate.jpa.internal.util.LogHelper  : HHH000204: Processing PersistenceUnitInfo [name: default]
?[0m?[0;34m2026-04-24T15:29:19.304+02:00  INFO 1940 --- [    Test worker] o.h.c.internal.RegionFactoryInitiator    : HHH000026: Second-level cache disabled
?[0m?[0;34m2026-04-24T15:29:19.327+02:00  INFO 1940 --- [    Test worker] o.s.o.j.p.SpringPersistenceUnitInfo      : No LoadTimeWeaver setup: ignoring JPA class transformer
?[0m?[0;34m2026-04-24T15:29:19.329+02:00  INFO 1940 --- [    Test worker] com.zaxxer.hikari.HikariDataSource       : HikariPool-2 - Starting...
?[0m?[0;34m2026-04-24T15:29:19.359+02:00  INFO 1940 --- [    Test worker] com.zaxxer.hikari.pool.HikariPool        : HikariPool-2 - Added connection conn10: url=jdbc:h2:file:../tms_db user=SA
?[0m?[0;34m2026-04-24T15:29:19.359+02:00  INFO 1940 --- [    Test worker] com.zaxxer.hikari.HikariDataSource       : HikariPool-2 - Start completed.
?[0m?[0;34m2026-04-24T15:29:19.360+02:00  INFO 1940 --- [    Test worker] org.hibernate.orm.connections.pooling    : HHH10001005: Database info:
?[0m?[0;34m	Database JDBC URL [Connecting through datasource 'HikariDataSource (HikariPool-2)']
?[0m?[0;34m	Database driver: undefined/unknown
?[0m?[0;34m	Database version: 2.3.232
?[0m?[0;34m	Autocommit mode: undefined/unknown
?[0m?[0;34m	Isolation level: undefined/unknown
?[0m?[0;34m	Minimum pool size: undefined/unknown
?[0m?[0;34m	Maximum pool size: undefined/unknown
?[0m?[0;34m2026-04-24T15:29:19.453+02:00  INFO 1940 --- [    Test worker] o.h.e.t.j.p.i.JtaPlatformInitiator       : HHH000489: No JTA platform available (set 'hibernate.transaction.jta.platform' to enable JTA platform integration)
?[0m?[0;34m2026-04-24T15:29:19.470+02:00  INFO 1940 --- [    Test worker] j.LocalContainerEntityManagerFactoryBean : Initialized JPA EntityManagerFactory for persistence unit 'default'
?[0m?[0;34m2026-04-24T15:29:19.573+02:00  WARN 1940 --- [    Test worker] JpaBaseConfiguration$JpaWebConfiguration : spring.jpa.open-in-view is enabled by default. Therefore, database queries may be performed during view rendering. Explicitly configure spring.jpa.open-in-view to disable this warning
?[0m?[0;34m2026-04-24T15:29:19.734+02:00  INFO 1940 --- [    Test worker] o.s.b.a.e.web.EndpointLinksResolver      : Exposing 14 endpoints beneath base path '/actuator'
?[0m?[0;34m2026-04-24T15:29:19.767+02:00  INFO 1940 --- [    Test worker] eAuthenticationProviderManagerConfigurer : Global AuthenticationManager configured with AuthenticationProvider bean with name authenticationProvider
?[0m?[0;34m2026-04-24T15:29:19.768+02:00  WARN 1940 --- [    Test worker] r$InitializeUserDetailsManagerConfigurer : Global AuthenticationManager configured with an AuthenticationProvider bean. UserDetailsService beans will not be used by Spring Security for automatically configuring username/password login. Consider removing the AuthenticationProvider bean. Alternatively, consider using the UserDetailsService in a manually instantiated DaoAuthenticationProvider. If the current configuration is intentional, to turn off this warning, increase the logging level of 'org.springframework.security.config.annotation.authentication.configuration.InitializeUserDetailsBeanManagerConfigurer' to ERROR
?[0m?[0;34m2026-04-24T15:29:19.909+02:00  INFO 1940 --- [    Test worker] o.s.b.a.h2.H2ConsoleAutoConfiguration    : H2 console available at '/h2-console'. Database available at 'jdbc:h2:file:../tms_db'
?[0m?[0;34m2026-04-24T15:29:19.975+02:00  INFO 1940 --- [    Test worker] o.s.b.w.embedded.tomcat.TomcatWebServer  : Tomcat started on port 8890 (http) with context path '/'
?[0m?[0;34m2026-04-24T15:29:19.984+02:00  INFO 1940 --- [    Test worker] taskmanagement.Application               : Started Application in 1.979 seconds (process running for 29.487)
?[0m?[1;31m
Start test 61?[0m
?[0;34m2026-04-24T15:29:20.004+02:00  INFO 1940 --- [nio-8890-exec-1] o.a.c.c.C.[Tomcat].[localhost].[/]       : Initializing Spring DispatcherServlet 'dispatcherServlet'
?[0m?[0;34m2026-04-24T15:29:20.004+02:00  INFO 1940 --- [nio-8890-exec-1] o.s.web.servlet.DispatcherServlet        : Initializing Servlet 'dispatcherServlet'
?[0m?[0;34m2026-04-24T15:29:20.005+02:00  INFO 1940 --- [nio-8890-exec-1] o.s.web.servlet.DispatcherServlet        : Completed initialization in 1 ms
?[0;34m
?[0m?[0;34mRequest: POST http://localhost:8890/api/accounts
?[0m?[0;34mRequest body: {"email":"alice@email.com","password":"password","token":"eyJhbGciOiJIUzM4NCJ9.eyJzdWIiOiJhbGljZUBlbWFpbC5jb20iLCJpYXQiOjE3NzcwMzczNDUsImV4cCI6MTc3NzA0MDk0NX0.Z661b0gQIzvmhbsmbVtIngS0lRCD7VcgPoYPLm9FEKx8bMkzG26t30CJc2WdIT5p"}
?[0m?[0;34m
?[0m?[1;31m
Start test 62?[0m
?[0;34m
?[0m?[0;34mRequest: POST http://localhost:8890/api/auth/token
?[0m?[0;34mRequest body: 
?[0m?[0;34m
?[0m?[1;31m
Start test 63?[0m
?[0;34m
?[0m?[0;34mRequest: GET http://localhost:8890/api/tasks
?[0m?[0;34mRequest body: 
?[0m?[0;34m
?[0m]]></system-out>
  <system-err><![CDATA[]]></system-err>
</testsuite>
